2020-08-11 08:37:47,378 INFO notifyConnectTimeout:200

2020-08-11 08:37:47,383 INFO notifySocketTimeout:8000

2020-08-11 08:37:47,383 INFO isHealthCheck:true

2020-08-11 08:37:47,383 INFO maxHealthCheckFailCount:12

2020-08-11 08:37:47,383 INFO maxContent:10485760

2020-08-11 08:37:47,384 INFO spring.datasource.platform:""

2020-08-11 08:37:50,793 INFO use local db service for init

2020-08-11 08:37:51,316 WARN Lexical error at line 4, column 66.  Encountered: <EOF> after : "".

2020-08-11 08:37:51,320 WARN Syntax error: Encountered "*" at line 1, column 1.

2020-08-11 08:37:51,375 WARN Table/View 'CONFIG_INFO' already exists in Schema 'NACOS'.

2020-08-11 08:37:51,429 WARN Table/View 'HIS_CONFIG_INFO' already exists in Schema 'NACOS'.

2020-08-11 08:37:51,452 WARN Table/View 'CONFIG_INFO_BETA' already exists in Schema 'NACOS'.

2020-08-11 08:37:51,461 WARN Table/View 'CONFIG_INFO_TAG' already exists in Schema 'NACOS'.

2020-08-11 08:37:51,469 WARN Table/View 'CONFIG_INFO_AGGR' already exists in Schema 'NACOS'.

2020-08-11 08:37:51,477 WARN Table/View 'APP_LIST' already exists in Schema 'NACOS'.

2020-08-11 08:37:51,485 WARN Table/View 'APP_CONFIGDATA_RELATION_SUBS' already exists in Schema 'NACOS'.

2020-08-11 08:37:51,491 WARN Table/View 'APP_CONFIGDATA_RELATION_PUBS' already exists in Schema 'NACOS'.

2020-08-11 08:37:51,499 WARN Table/View 'CONFIG_TAGS_RELATION' already exists in Schema 'NACOS'.

2020-08-11 08:37:51,510 WARN Table/View 'GROUP_CAPACITY' already exists in Schema 'NACOS'.

2020-08-11 08:37:51,518 WARN Table/View 'TENANT_CAPACITY' already exists in Schema 'NACOS'.

2020-08-11 08:37:51,525 WARN Table/View 'TENANT_INFO' already exists in Schema 'NACOS'.

2020-08-11 08:37:51,535 WARN Table/View 'USERS' already exists in Schema 'NACOS'.

2020-08-11 08:37:51,542 WARN Table/View 'ROLES' already exists in Schema 'NACOS'.

2020-08-11 08:37:51,548 WARN Table/View 'PERMISSIONS' already exists in Schema 'NACOS'.

2020-08-11 08:37:51,597 WARN The statement was aborted because it would have caused a duplicate key value in a unique or primary key constraint or unique index identified by 'SQL200803135005510' defined on 'USERS'.

2020-08-11 08:37:51,603 WARN The statement was aborted because it would have caused a duplicate key value in a unique or primary key constraint or unique index identified by 'UK_USERNAME_ROLE' defined on 'ROLES'.

2020-08-11 08:37:51,603 INFO use StandaloneDatabaseOperateImpl

2020-08-11 08:37:52,713 WARN DumpService start

2020-08-11 08:37:52,714 INFO start clear all config-info.

2020-08-11 08:37:52,718 WARN clear all config-info failed.

2020-08-11 08:37:52,719 WARN clear all config-info-tenant failed.

2020-08-11 08:37:52,823 INFO [all-dump] 265066248885248000 / 265066248885248000

2020-08-11 08:37:52,823 INFO start clear all config-info-beta.

2020-08-11 08:37:52,823 WARN clear all config-info-beta failed.

2020-08-11 08:37:52,823 WARN clear all config-info-beta-tenant failed.

2020-08-11 08:37:53,055 INFO start clear all config-info-tag.

2020-08-11 08:37:53,055 WARN clear all config-info-tag failed.

2020-08-11 08:37:53,055 WARN clear all config-info-tag-tenant failed.

