
         ,--.
       ,--.'|
   ,--,:  : |                                           Nacos 1.3.1
,`--.'`|  ' :                       ,---.               Running in stand alone mode, All function modules
|   :  :  | |                      '   ,'\   .--.--.    Port: 8848
:   |   \ | :  ,--.--.     ,---.  /   /   | /  /    '   Pid: 29
|   : '  '; | /       \   /     \.   ; ,. :|  :  /`./   Console: http://172.18.0.2:8848/nacos/index.html
'   ' ;.    ;.--.  .-. | /    / ''   | |: :|  :  ;_
|   | | \   | \__\/: . ..    ' / '   | .; : \  \    `.      https://nacos.io
'   : |  ; .' ," .--.; |'   ; :__|   :    |  `----.   \
|   | '`--'  /  /  ,.  |'   | '.'|\   \  /  /  /`--'  /
'   : |     ;  :   .'   \   :    : `----'  '--'.     /
;   |.'     |  ,     .-./\   \  /            `--'---'
'---'        `--`---'     `----'

2020-08-11 08:37:49,763 INFO Bean 'org.springframework.security.config.annotation.configuration.ObjectPostProcessorConfiguration' of type [org.springframework.security.config.annotation.configuration.ObjectPostProcessorConfiguration$$EnhancerBySpringCGLIB$$f6b83f56] is not eligible for getting processed by all BeanPostProcessors (for example: not eligible for auto-proxying)

2020-08-11 08:37:49,854 INFO Bean 'objectPostProcessor' of type [org.springframework.security.config.annotation.configuration.AutowireBeanFactoryObjectPostProcessor] is not eligible for getting processed by all BeanPostProcessors (for example: not eligible for auto-proxying)

2020-08-11 08:37:49,856 INFO Bean 'org.springframework.security.access.expression.method.DefaultMethodSecurityExpressionHandler@7d3d101b' of type [org.springframework.security.access.expression.method.DefaultMethodSecurityExpressionHandler] is not eligible for getting processed by all BeanPostProcessors (for example: not eligible for auto-proxying)

2020-08-11 08:37:49,859 INFO Bean 'org.springframework.security.config.annotation.method.configuration.GlobalMethodSecurityConfiguration' of type [org.springframework.security.config.annotation.method.configuration.GlobalMethodSecurityConfiguration$$EnhancerBySpringCGLIB$$1b8ce208] is not eligible for getting processed by all BeanPostProcessors (for example: not eligible for auto-proxying)

2020-08-11 08:37:49,864 INFO Bean 'methodSecurityMetadataSource' of type [org.springframework.security.access.method.DelegatingMethodSecurityMetadataSource] is not eligible for getting processed by all BeanPostProcessors (for example: not eligible for auto-proxying)

2020-08-11 08:37:50,372 INFO Tomcat initialized with port(s): 8848 (http)

2020-08-11 08:37:50,524 INFO Root WebApplicationContext: initialization completed in 3062 ms

2020-08-11 08:37:53,432 INFO Initializing ExecutorService 'applicationTaskExecutor'

2020-08-11 08:37:53,626 INFO Adding welcome page: class path resource [static/index.html]

2020-08-11 08:37:53,984 INFO Creating filter chain: Ant [pattern='/**'], []

2020-08-11 08:37:54,016 INFO Creating filter chain: any request, [org.springframework.security.web.context.request.async.WebAsyncManagerIntegrationFilter@2f08c4b, org.springframework.security.web.context.SecurityContextPersistenceFilter@523424b5, org.springframework.security.web.header.HeaderWriterFilter@4fd4cae3, org.springframework.security.web.csrf.CsrfFilter@7807ac2c, org.springframework.security.web.authentication.logout.LogoutFilter@372ea2bc, org.springframework.security.web.savedrequest.RequestCacheAwareFilter@319dead1, org.springframework.security.web.servletapi.SecurityContextHolderAwareRequestFilter@754777cd, org.springframework.security.web.authentication.AnonymousAuthenticationFilter@3f19b8b3, org.springframework.security.web.session.SessionManagementFilter@a1217f9, org.springframework.security.web.access.ExceptionTranslationFilter@4b6166aa]

2020-08-11 08:37:54,101 INFO Exposing 16 endpoint(s) beneath base path '/actuator'

2020-08-11 08:37:54,130 INFO Initializing ExecutorService 'taskScheduler'

2020-08-11 08:37:54,230 INFO Tomcat started on port(s): 8848 (http) with context path '/nacos'

2020-08-11 08:37:54,235 INFO Nacos Log files: /home/nacos/logs

2020-08-11 08:37:54,237 INFO Nacos Log files: /home/nacos/conf

2020-08-11 08:37:54,237 INFO Nacos Log files: /home/nacos/data

2020-08-11 08:37:54,238 INFO Nacos started successfully in stand alone mode. use embedded storage

